2025-03-20 21:21:42,399 - INFO - Iniciando extracción de datos de Airbnb para Barcelona
2025-03-20 21:21:42,399 - INFO - ====== WebDriver manager ======
2025-03-20 21:21:43,128 - INFO - Get LATEST chromedriver version for google-chrome
2025-03-20 21:21:43,185 - INFO - Get LATEST chromedriver version for google-chrome
2025-03-20 21:21:43,233 - INFO - Driver [C:\Users\User\.wdm\drivers\chromedriver\win64\134.0.6998.90\chromedriver-win32/chromedriver.exe] found in cache
2025-03-20 21:21:44,224 - INFO - User-Agent actual: Mozilla/5.0 (Macintosh; Intel Mac OS X 10_15_7) AppleWebKit/537.36
2025-03-20 21:21:54,433 - INFO - Procesando página 1 de 14
2025-03-20 21:22:22,752 - INFO - Anuncio 1379066780732336948 procesado.
2025-03-20 21:22:36,486 - INFO - Anuncio 1284667959718992188 procesado.
2025-03-20 21:22:51,618 - INFO - Anuncio 1107266131628495787 procesado.
2025-03-20 21:23:07,540 - INFO - Anuncio 1289007140505930918 procesado.
2025-03-20 21:23:12,518 - INFO - Anuncio 1368340927324103829 procesado.
2025-03-20 21:23:37,386 - INFO - Anuncio 1363643976732923635 procesado.
2025-03-20 21:23:52,251 - INFO - Anuncio 642485551951630009 procesado.
2025-03-20 21:24:06,558 - INFO - Anuncio 1092591785783325905 procesado.
2025-03-20 21:24:21,375 - INFO - Anuncio 717032907945200215 procesado.
2025-03-20 21:24:37,371 - INFO - Anuncio 38766231 procesado.
2025-03-20 21:25:00,984 - INFO - Anuncio 1379616413634585985 procesado.
2025-03-20 21:25:06,194 - INFO - Anuncio 1274467482334595712 procesado.
2025-03-20 21:25:20,672 - INFO - Anuncio 1195704485972810884 procesado.
2025-03-20 21:25:24,805 - INFO - Anuncio 820334535111222324 procesado.
2025-03-20 21:25:41,611 - INFO - Anuncio 1001344667839269099 procesado.
2025-03-20 21:25:57,000 - INFO - Anuncio 1133084173254255155 procesado.
2025-03-20 21:26:13,704 - INFO - Anuncio 1284013764953237523 procesado.
2025-03-20 21:26:31,734 - INFO - Anuncio 972366981696468822 procesado.
2025-03-20 21:26:37,685 - INFO - Haciendo clic en el botón 'Siguiente' para la página 2.
2025-03-20 21:26:43,079 - INFO - Procesando página 2 de 14
2025-03-20 21:26:59,094 - INFO - Anuncio 997212702957383135 procesado.
2025-03-20 21:27:16,551 - INFO - Anuncio 779127431760394971 procesado.
2025-03-20 21:27:31,481 - INFO - Anuncio 1133084173254255155 procesado.
2025-03-20 21:27:44,987 - INFO - Anuncio 1284672054446846600 procesado.
2025-03-20 21:27:59,532 - INFO - Anuncio 1170312575843565507 procesado.
2025-03-20 21:28:15,016 - INFO - Anuncio 1001336207396163720 procesado.
2025-03-20 21:28:29,007 - INFO - Anuncio 1128762874708333087 procesado.
2025-03-20 21:28:44,361 - INFO - Anuncio 1284013764953237523 procesado.
2025-03-20 21:28:58,436 - INFO - Anuncio 972366981696468822 procesado.
2025-03-20 21:29:15,575 - INFO - Anuncio 609088912417473137 procesado.
2025-03-20 21:29:32,087 - INFO - Anuncio 1189057695380856628 procesado.
2025-03-20 21:29:48,746 - INFO - Anuncio 810071660206034843 procesado.
2025-03-20 21:30:06,035 - INFO - Anuncio 1094948778032934112 procesado.
2025-03-20 21:30:21,798 - INFO - Anuncio 50309959 procesado.
2025-03-20 21:30:26,660 - INFO - Anuncio 1334766827175728865 procesado.
2025-03-20 21:30:44,003 - INFO - Anuncio 913819246953081801 procesado.
2025-03-20 21:30:59,985 - INFO - Anuncio 697578891420769168 procesado.
2025-03-20 21:31:07,073 - INFO - Anuncio 1308583940313022954 procesado.
2025-03-20 21:31:14,057 - INFO - Haciendo clic en el botón 'Siguiente' para la página 3.
2025-03-20 21:31:20,038 - INFO - Procesando página 3 de 14
2025-03-20 21:31:34,515 - INFO - Anuncio 1321021264235011863 procesado.
2025-03-20 21:31:50,444 - INFO - Anuncio 1316558323040714026 procesado.
2025-03-20 21:32:14,882 - INFO - Anuncio 1371032034718501373 procesado.
2025-03-20 21:32:32,116 - INFO - Anuncio 1128770863630383980 procesado.
2025-03-20 21:32:46,562 - INFO - Anuncio 12284640 procesado.
2025-03-20 21:33:11,229 - INFO - Anuncio 1358256991550434147 procesado.
2025-03-20 21:33:25,307 - INFO - Anuncio 716417508063535121 procesado.
2025-03-20 21:33:41,982 - INFO - Anuncio 1001336207396163720 procesado.
2025-03-20 21:33:58,903 - INFO - Anuncio 910970451949527146 procesado.
2025-03-20 21:34:14,207 - INFO - Anuncio 1196916576046515995 procesado.
2025-03-20 21:34:29,673 - INFO - Anuncio 1185467748965904070 procesado.
2025-03-20 21:34:47,009 - INFO - Anuncio 1366500307468893359 procesado.
2025-03-20 21:35:02,608 - INFO - Anuncio 795763342039117146 procesado.
2025-03-20 21:35:18,329 - INFO - Anuncio 1096200855408382157 procesado.
2025-03-20 21:35:21,904 - INFO - Anuncio 1281814655610446552 procesado.
2025-03-20 21:35:36,771 - INFO - Anuncio 1005690428458807477 procesado.
2025-03-20 21:35:53,584 - INFO - Anuncio 46770917 procesado.
2025-03-20 21:36:07,682 - INFO - Anuncio 1177426002003576868 procesado.
2025-03-20 21:36:14,523 - INFO - Haciendo clic en el botón 'Siguiente' para la página 4.
2025-03-20 21:36:20,982 - INFO - Procesando página 4 de 14
2025-03-20 21:36:37,483 - INFO - Anuncio 862357875663372343 procesado.
2025-03-20 21:36:43,663 - INFO - Anuncio 1281814655610446552 procesado.
2025-03-20 21:36:48,733 - INFO - Anuncio 673086214664958018 procesado.
2025-03-20 21:37:03,312 - INFO - Anuncio 2568864 procesado.
2025-03-20 21:37:19,101 - INFO - Anuncio 1295642784134342085 procesado.
2025-03-20 21:37:32,877 - INFO - Anuncio 1282469371966152733 procesado.
2025-03-20 21:37:49,046 - INFO - Anuncio 1005690428458807477 procesado.
2025-03-20 21:38:04,396 - INFO - Anuncio 1182484840287899999 procesado.
2025-03-20 21:38:22,107 - INFO - Anuncio 1171921103740053731 procesado.
2025-03-20 21:38:39,680 - INFO - Anuncio 997210594290448687 procesado.
2025-03-20 21:38:54,845 - INFO - Anuncio 1112482274937242839 procesado.
2025-03-20 21:39:09,792 - INFO - Anuncio 845559205641002061 procesado.
2025-03-20 21:39:25,017 - INFO - Anuncio 1261720421489143465 procesado.
2025-03-20 21:39:42,185 - INFO - Anuncio 1196916576046515995 procesado.
2025-03-20 21:39:55,680 - INFO - Anuncio 948275718347108992 procesado.
2025-03-20 21:40:19,450 - INFO - Anuncio 1369565433060401335 procesado.
2025-03-20 21:40:36,567 - INFO - Anuncio 1331267656215542202 procesado.
2025-03-20 21:40:52,084 - INFO - Anuncio 1092581195355477547 procesado.
2025-03-20 21:40:59,572 - INFO - Haciendo clic en el botón 'Siguiente' para la página 5.
2025-03-20 21:41:04,475 - INFO - Procesando página 5 de 14
2025-03-20 21:41:20,142 - INFO - Anuncio 1248663459339315339 procesado.
2025-03-20 21:41:26,728 - INFO - Anuncio 1368340927324103829 procesado.
2025-03-20 21:41:41,125 - INFO - Anuncio 1148197368176741247 procesado.
2025-03-20 21:41:57,300 - INFO - Anuncio 50309959 procesado.
2025-03-20 21:42:14,423 - INFO - Anuncio 602559050268098435 procesado.
2025-03-20 21:42:39,389 - INFO - Anuncio 1336436672430778853 procesado.
2025-03-20 21:42:55,953 - INFO - Anuncio 912213244122552340 procesado.
2025-03-20 21:43:11,571 - INFO - Anuncio 949384115283907730 procesado.
2025-03-20 21:43:29,029 - INFO - Anuncio 993193293981993043 procesado.
2025-03-20 21:43:42,818 - INFO - Anuncio 820937123511370944 procesado.
2025-03-20 21:43:57,187 - INFO - Anuncio 745486676233127450 procesado.
2025-03-20 21:44:03,735 - INFO - Anuncio 1119456562765576218 procesado.
2025-03-20 21:44:22,351 - INFO - Anuncio 997210594290448687 procesado.
2025-03-20 21:44:38,234 - INFO - Anuncio 1128756184205812628 procesado.
2025-03-20 21:44:52,856 - INFO - Anuncio 1112892688234725460 procesado.
2025-03-20 21:45:19,417 - INFO - Anuncio 1363643976732923635 procesado.
2025-03-20 21:45:43,893 - INFO - Anuncio 1361474442081944554 procesado.
2025-03-20 21:46:00,083 - INFO - Anuncio 1171921103740053731 procesado.
2025-03-20 21:46:08,147 - INFO - Haciendo clic en el botón 'Siguiente' para la página 6.
2025-03-20 21:46:14,666 - INFO - Procesando página 6 de 14
2025-03-20 21:46:19,067 - INFO - Anuncio 1119456562765576218 procesado.
2025-03-20 21:46:44,427 - INFO - Anuncio 1333998618914995969 procesado.
2025-03-20 21:47:00,704 - INFO - Anuncio 904737052271381567 procesado.
2025-03-20 21:47:05,707 - INFO - Anuncio 1160335950404003372 procesado.
2025-03-20 21:47:11,439 - INFO - Anuncio 976852613712497451 procesado.
2025-03-20 21:47:16,155 - INFO - Anuncio 673086214664958018 procesado.
2025-03-20 21:47:21,069 - INFO - Anuncio 691679958810855386 procesado.
2025-03-20 21:47:36,386 - INFO - Anuncio 913819246953081801 procesado.
2025-03-20 21:48:00,060 - INFO - Anuncio 1349312385403833605 procesado.
2025-03-20 21:48:14,590 - INFO - Anuncio 931756 procesado.
2025-03-20 21:48:31,746 - INFO - Anuncio 805182872948581979 procesado.
2025-03-20 21:48:47,979 - INFO - Anuncio 1248794356730472452 procesado.
2025-03-20 21:48:53,467 - INFO - Anuncio 1244155484805996119 procesado.
2025-03-20 21:49:08,395 - INFO - Anuncio 795763342039117146 procesado.
2025-03-20 21:49:14,996 - INFO - Anuncio 1477381 procesado.
2025-03-20 21:49:29,074 - INFO - Anuncio 1128734301844164548 procesado.
2025-03-20 21:49:46,345 - INFO - Anuncio 712034758516156327 procesado.
2025-03-20 21:50:04,222 - INFO - Anuncio 948616633723195379 procesado.
2025-03-20 21:50:12,315 - INFO - Haciendo clic en el botón 'Siguiente' para la página 7.
2025-03-20 21:50:18,773 - INFO - Procesando página 7 de 14
2025-03-20 21:50:35,615 - INFO - Anuncio 1070065447521875184 procesado.
2025-03-20 21:50:51,875 - INFO - Anuncio 1046186301611569881 procesado.
2025-03-20 21:51:06,895 - INFO - Anuncio 1082648663534077958 procesado.
2025-03-20 21:51:23,811 - INFO - Anuncio 1333305649813977986 procesado.
2025-03-20 21:51:41,461 - INFO - Anuncio 51845044 procesado.
2025-03-20 21:51:58,262 - INFO - Anuncio 685864152464724046 procesado.
2025-03-20 21:52:14,280 - INFO - Anuncio 1000447810456915898 procesado.
2025-03-20 21:52:30,104 - INFO - Anuncio 7230117 procesado.
2025-03-20 21:52:43,817 - INFO - Anuncio 705472614491266491 procesado.
2025-03-20 21:52:57,732 - INFO - Anuncio 1069643013409765982 procesado.
2025-03-20 21:53:12,602 - INFO - Anuncio 110041 procesado.
2025-03-20 21:53:27,628 - INFO - Anuncio 13571420 procesado.
2025-03-20 21:53:44,440 - INFO - Anuncio 13686725 procesado.
2025-03-20 21:54:02,068 - INFO - Anuncio 1203377319704112022 procesado.
2025-03-20 21:54:16,292 - INFO - Anuncio 948616633723195379 procesado.
2025-03-20 21:54:30,921 - INFO - Anuncio 451758 procesado.
2025-03-20 21:54:36,628 - INFO - Anuncio 1069767464415400271 procesado.
2025-03-20 21:54:52,389 - INFO - Anuncio 1292696195101760234 procesado.
2025-03-20 21:54:59,499 - INFO - Haciendo clic en el botón 'Siguiente' para la página 8.
2025-03-20 21:55:06,470 - INFO - Procesando página 8 de 14
2025-03-20 21:55:23,057 - INFO - Anuncio 1345781451993134063 procesado.
2025-03-20 21:55:38,149 - INFO - Anuncio 451758 procesado.
2025-03-20 21:55:54,301 - INFO - Anuncio 3121245 procesado.
2025-03-20 21:56:09,873 - INFO - Anuncio 641359891280517949 procesado.
2025-03-20 21:56:16,761 - INFO - Anuncio 1085526102359705719 procesado.
2025-03-20 21:56:34,321 - INFO - Anuncio 602228025814091083 procesado.
2025-03-20 21:56:39,508 - INFO - Anuncio 1069767464415400271 procesado.
2025-03-20 21:56:53,307 - INFO - Anuncio 39125732 procesado.
2025-03-20 21:57:08,865 - INFO - Anuncio 817232956170575205 procesado.
2025-03-20 21:57:23,731 - INFO - Anuncio 729619298845822569 procesado.
2025-03-20 21:57:41,000 - INFO - Anuncio 21000077 procesado.
2025-03-20 21:57:47,669 - INFO - Anuncio 919400235661862943 procesado.
2025-03-20 21:58:04,428 - INFO - Anuncio 659469 procesado.
2025-03-20 21:58:09,694 - INFO - Anuncio 1826858 procesado.
2025-03-20 21:58:23,453 - INFO - Anuncio 15762813 procesado.
2025-03-20 21:58:37,041 - INFO - Anuncio 53489406 procesado.
2025-03-20 21:58:54,317 - INFO - Anuncio 661468363738128570 procesado.
2025-03-20 21:59:11,448 - INFO - Anuncio 2669219 procesado.
2025-03-20 21:59:20,361 - INFO - Haciendo clic en el botón 'Siguiente' para la página 9.
2025-03-20 21:59:25,267 - INFO - Procesando página 9 de 14
2025-03-20 21:59:40,283 - INFO - Anuncio 19053607 procesado.
2025-03-20 21:59:57,907 - INFO - Anuncio 1260951371855007669 procesado.
2025-03-20 22:00:17,820 - INFO - Anuncio 1075302440350161738 procesado.
2025-03-20 22:00:35,073 - INFO - Anuncio 1160968053028634374 procesado.
2025-03-20 22:00:51,008 - INFO - Anuncio 1295109553094069217 procesado.
2025-03-20 22:01:07,648 - INFO - Anuncio 729619298845822569 procesado.
2025-03-20 22:01:21,380 - INFO - Anuncio 11862028 procesado.
2025-03-20 22:01:36,481 - INFO - Anuncio 3174089 procesado.
2025-03-20 22:01:50,508 - INFO - Anuncio 1288213843590145778 procesado.
2025-03-20 22:02:04,176 - INFO - Anuncio 1331255788037130210 procesado.
2025-03-20 22:02:30,391 - INFO - Anuncio 1329663798648754889 procesado.
2025-03-20 22:02:45,301 - INFO - Anuncio 21000077 procesado.
2025-03-20 22:03:02,733 - INFO - Anuncio 11108578 procesado.
2025-03-20 22:03:09,281 - INFO - Anuncio 15530332 procesado.
2025-03-20 22:03:23,127 - INFO - Anuncio 4725296 procesado.
2025-03-20 22:03:40,218 - INFO - Anuncio 5130426 procesado.
2025-03-20 22:03:46,062 - INFO - Anuncio 48250297 procesado.
2025-03-20 22:03:53,146 - INFO - Anuncio 46511170 procesado.
2025-03-20 22:03:59,577 - INFO - Haciendo clic en el botón 'Siguiente' para la página 10.
2025-03-20 22:04:03,307 - INFO - Procesando página 10 de 14
2025-03-20 22:04:20,698 - INFO - Anuncio 1149051677692712739 procesado.
2025-03-20 22:04:26,356 - INFO - Anuncio 581025528627007525 procesado.
2025-03-20 22:04:42,890 - INFO - Anuncio 1242215 procesado.
2025-03-20 22:05:00,033 - INFO - Anuncio 1102799905090877003 procesado.
2025-03-20 22:05:19,996 - INFO - Anuncio 33816957 procesado.
2025-03-20 22:05:38,594 - INFO - Anuncio 1072998208188701196 procesado.
2025-03-20 22:05:55,214 - INFO - Anuncio 17400650 procesado.
2025-03-20 22:06:11,598 - INFO - Anuncio 1247644993389951733 procesado.
2025-03-20 22:06:26,443 - INFO - Anuncio 1075302440350161738 procesado.
2025-03-20 22:06:41,637 - INFO - Anuncio 572182415885999147 procesado.
2025-03-20 22:06:55,652 - INFO - Anuncio 21000077 procesado.
2025-03-20 22:07:12,437 - INFO - Anuncio 729619298845822569 procesado.
2025-03-20 22:07:26,753 - INFO - Anuncio 39213932 procesado.
2025-03-20 22:07:40,323 - INFO - Anuncio 11728465 procesado.
2025-03-20 22:07:46,714 - INFO - Anuncio 877337890033362176 procesado.
2025-03-20 22:07:53,762 - INFO - Anuncio 921443943233858648 procesado.
2025-03-20 22:08:10,420 - INFO - Anuncio 598468673580025173 procesado.
2025-03-20 22:08:36,934 - INFO - Anuncio 1350877159785922767 procesado.
2025-03-20 22:08:44,280 - INFO - Haciendo clic en el botón 'Siguiente' para la página 11.
2025-03-20 22:08:49,485 - INFO - Procesando página 11 de 14
2025-03-20 22:08:55,376 - INFO - Anuncio 921443943233858648 procesado.
2025-03-20 22:09:02,205 - INFO - Anuncio 11336047 procesado.
2025-03-20 22:09:08,899 - INFO - Anuncio 1044882609098734742 procesado.
2025-03-20 22:09:25,356 - INFO - Anuncio 2490660 procesado.
2025-03-20 22:09:39,528 - INFO - Anuncio 1303397385673517963 procesado.
2025-03-20 22:09:56,598 - INFO - Anuncio 1121940494221317956 procesado.
2025-03-20 22:10:14,041 - INFO - Anuncio 36756824 procesado.
2025-03-20 22:10:28,060 - INFO - Anuncio 3110723 procesado.
2025-03-20 22:10:35,378 - INFO - Anuncio 1339193710479939962 procesado.
2025-03-20 22:10:40,299 - INFO - Anuncio 1048265604717547798 procesado.
2025-03-20 22:10:56,919 - INFO - Anuncio 1068919 procesado.
2025-03-20 22:11:04,548 - INFO - Anuncio 1285430735360886557 procesado.
2025-03-20 22:11:09,067 - INFO - Anuncio 12216717 procesado.
2025-03-20 22:11:26,266 - INFO - Anuncio 1144637695283332032 procesado.
2025-03-20 22:11:31,360 - INFO - Anuncio 1006222935244656524 procesado.
2025-03-20 22:11:46,132 - INFO - Anuncio 1300467230239954572 procesado.
2025-03-20 22:12:03,176 - INFO - Anuncio 973826145625543702 procesado.
2025-03-20 22:12:28,555 - INFO - Anuncio 1178913602413098699 procesado.
2025-03-20 22:12:35,992 - INFO - Haciendo clic en el botón 'Siguiente' para la página 12.
2025-03-20 22:12:41,123 - INFO - Procesando página 12 de 14
2025-03-20 22:13:06,852 - INFO - Anuncio 1350531463760829364 procesado.
2025-03-20 22:13:22,410 - INFO - Anuncio 36756824 procesado.
2025-03-20 22:13:47,875 - INFO - Anuncio 1337737620001145675 procesado.
2025-03-20 22:14:15,411 - INFO - Anuncio 1035452643448402749 procesado.
2025-03-20 22:14:22,680 - INFO - Anuncio 612243398033258133 procesado.
2025-03-20 22:14:26,387 - INFO - Anuncio 1132716461890680713 procesado.
2025-03-20 22:14:43,787 - INFO - Anuncio 566750505374384648 procesado.
2025-03-20 22:15:10,297 - INFO - Anuncio 1284875489233225788 procesado.
2025-03-20 22:15:36,625 - INFO - Anuncio 1336046381519985146 procesado.
2025-03-20 22:15:52,011 - INFO - Anuncio 42419142 procesado.
2025-03-20 22:16:09,480 - INFO - Anuncio 44027821 procesado.
2025-03-20 22:16:26,651 - INFO - Anuncio 5130426 procesado.
2025-03-20 22:16:31,844 - INFO - Anuncio 23001940 procesado.
2025-03-20 22:16:38,270 - INFO - Anuncio 3393839 procesado.
2025-03-20 22:16:53,014 - INFO - Anuncio 32400098 procesado.
2025-03-20 22:17:17,196 - INFO - Anuncio 1329663798648754889 procesado.
2025-03-20 22:17:33,583 - INFO - Anuncio 21000077 procesado.
2025-03-20 22:17:39,742 - INFO - Anuncio 673086214664958018 procesado.
2025-03-20 22:17:45,133 - INFO - Haciendo clic en el botón 'Siguiente' para la página 13.
2025-03-20 22:17:49,882 - INFO - Procesando página 13 de 14
2025-03-20 22:18:06,152 - INFO - Anuncio 1314437612224801041 procesado.
2025-03-20 22:18:23,053 - INFO - Anuncio 1744379 procesado.
2025-03-20 22:18:29,461 - INFO - Anuncio 1220257187894808975 procesado.
2025-03-20 22:18:46,910 - INFO - Anuncio 1041060 procesado.
2025-03-20 22:19:03,178 - INFO - Anuncio 18580179 procesado.
2025-03-20 22:19:19,716 - INFO - Anuncio 50124259 procesado.
2025-03-20 22:19:45,958 - INFO - Anuncio 1353323776184305643 procesado.
2025-03-20 22:20:02,476 - INFO - Anuncio 1284019049758729083 procesado.
2025-03-20 22:20:18,087 - INFO - Anuncio 1289626274109641711 procesado.
2025-03-20 22:20:34,805 - INFO - Anuncio 29119333 procesado.
2025-03-20 22:20:50,563 - INFO - Anuncio 4725070 procesado.
2025-03-20 22:21:06,816 - INFO - Anuncio 2804502 procesado.
2025-03-20 22:21:12,990 - INFO - Anuncio 1020160504469501314 procesado.
2025-03-20 22:21:27,901 - INFO - Anuncio 20793112 procesado.
2025-03-20 22:21:32,048 - INFO - Anuncio 1072990171691972837 procesado.
2025-03-20 22:21:38,115 - INFO - Anuncio 682552940191795799 procesado.
2025-03-20 22:22:02,981 - INFO - Anuncio 1310109910077027618 procesado.
2025-03-20 22:22:10,490 - INFO - Anuncio 1042002618810922779 procesado.
2025-03-20 22:22:15,238 - INFO - Haciendo clic en el botón 'Siguiente' para la página 14.
2025-03-20 22:22:16,342 - ERROR - No se pudo encontrar o hacer clic en el botón 'Siguiente': Message: element click intercepted: Element <a aria-label="Siguiente" href="/s/Barcelona/homes?refinement_paths%5B%5D=%2Fhomes&amp;query=Barcelona&amp;place_id=ChIJ5TCOcRaYpBIRCmZHTz37sEQ&amp;flexible_trip_lengths%5B%5D=one_week&amp;monthly_start_date=2025-04-01&amp;monthly_length=3&amp;monthly_end_date=2025-07-01&amp;search_mode=regular_search&amp;price_filter_input_type=0&amp;channel=EXPLORE&amp;search_type=unknown&amp;pagination_search=true&amp;price_filter_num_nights=5&amp;federated_search_session_id=9b1bf85a-209e-4f97-b8d1-45075be285dd&amp;cursor=eyJzZWN0aW9uX29mZnNldCI6MCwiaXRlbXNfb2Zmc2V0IjoyMzQsInZlcnNpb24iOjF9" class="l1ovpqvx atm_1he2i46_1k8pnbi_10saat9 atm_yxpdqi_1pv6nv4_10saat9 atm_1a0hdzc_w1h1e8_10saat9 atm_2bu6ew_929bqk_10saat9 atm_12oyo1u_73u7pn_10saat9 atm_fiaz40_1etamxe_10saat9 c1ytbx3a atm_mk_h2mmj6 atm_9s_1txwivl atm_h_1h6ojuz atm_fc_1h6ojuz atm_bb_idpfg4 atm_26_1j28jx2 atm_3f_glywfm atm_7l_hkljqm atm_gi_idpfg4 atm_l8_idpfg4 atm_uc_10d7vwn atm_kd_glywfm atm_gz_8tjzot atm_uc_glywfm__1rrf6b5 atm_26_zbnr2t_1rqz0hn_uv4tnr atm_tr_kv3y6q_csw3t1 atm_26_zbnr2t_1ul2smo atm_3f_glywfm_jo46a5 atm_l8_idpfg4_jo46a5 atm_gi_idpfg4_jo46a5 atm_3f_glywfm_1icshfk atm_kd_glywfm_19774hq atm_70_glywfm_1w3cfyq atm_uc_aaiy6o_9xuho3 atm_70_18bflhl_9xuho3 atm_26_zbnr2t_9xuho3 atm_uc_glywfm_9xuho3_1rrf6b5 atm_70_glywfm_pfnrn2_1oszvuo atm_uc_aaiy6o_1buez3b_1oszvuo atm_70_18bflhl_1buez3b_1oszvuo atm_26_zbnr2t_1buez3b_1oszvuo atm_uc_glywfm_1buez3b_1o31aam atm_7l_1wxwdr3_1o5j5ji atm_9j_13gfvf7_1o5j5ji atm_26_1j28jx2_154oz7f atm_92_1yyfdc7_vmtskl atm_9s_1ulexfb_vmtskl atm_mk_stnw88_vmtskl atm_tk_1ssbidh_vmtskl atm_fq_1ssbidh_vmtskl atm_tr_pryxvc_vmtskl atm_vy_1vi7ecw_vmtskl atm_e2_1vi7ecw_vmtskl atm_5j_1ssbidh_vmtskl atm_mk_h2mmj6_1ko0jae dir dir-ltr">...</a> is not clickable at point (622, 849). Other element would receive the click: <p class="cd6rpx atm_gi_p288kc dir dir-ltr">...</p>
  (Session info: chrome=134.0.6998.118)
Stacktrace:
	GetHandleVerifier [0x0109B593+24387]
	(No symbol) [0x010258F4]
	(No symbol) [0x00F00753]
	(No symbol) [0x00F4EE50]
	(No symbol) [0x00F4D1F4]
	(No symbol) [0x00F4AD87]
	(No symbol) [0x00F4A044]
	(No symbol) [0x00F3E6D5]
	(No symbol) [0x00F6D84C]
	(No symbol) [0x00F3E164]
	(No symbol) [0x00F6DAC4]
	(No symbol) [0x00F8F138]
	(No symbol) [0x00F6D646]
	(No symbol) [0x00F3C59F]
	(No symbol) [0x00F3D8E4]
	GetHandleVerifier [0x0139D873+3179043]
	GetHandleVerifier [0x013B6CE9+3282585]
	GetHandleVerifier [0x013B166C+3260444]
	GetHandleVerifier [0x01134320+650448]
	(No symbol) [0x0102ECFD]
	(No symbol) [0x0102BAE8]
	(No symbol) [0x0102BC89]
	(No symbol) [0x0101E520]
	BaseThreadInitThunk [0x757D5D49+25]
	RtlInitializeExceptionChain [0x7709CE3B+107]
	RtlGetAppContainerNamedObjectPath [0x7709CDC1+561]

2025-03-20 22:22:22,895 - INFO - Extracción completada. 234 anuncios guardados
